#
# A fatal error has been detected by the Java Runtime Environment:
#
#  EXCEPTION_UNCAUGHT_CXX_EXCEPTION (0xe06d7363) at pc=0x00007ffb0ac53fb8, pid=18848, tid=0x0000000000001648
#
# JRE version: Java(TM) SE Runtime Environment (8.0_121-b13) (build 1.8.0_121-b13)
# Java VM: Java HotSpot(TM) 64-Bit Server VM (25.121-b13 mixed mode windows-amd64 compressed oops)
# Problematic frame:
# C  [KERNELBASE.dll+0x13fb8]
#
# Failed to write core dump. Minidumps are not enabled by default on client versions of Windows
#
# If you would like to submit a bug report, please visit:
#   http://bugreport.java.com/bugreport/crash.jsp
# The crash happened outside the Java Virtual Machine in native code.
# See problematic frame for where to report the bug.
#

---------------  T H R E A D  ---------------

Current thread (0x00000000044d5800):  JavaThread "main" [_thread_in_native, id=5704, stack(0x00000000043d0000,0x00000000044d0000)]

siginfo: ExceptionCode=0xe06d7363, ExceptionInformation=0x0000000019930520 0x00000000044ce3a0 0x00007ffaa91239a8 0x00007ffaa8e70000 

Registers:
RAX=0x00007ffb0afefbae, RBX=0x00000000044cf470, RCX=0x00000000044cddd0, RDX=0x00000000044cddf8
RSP=0x00000000044ce200, RBP=0x00000000044ce340, RSI=0x00007ffaa91239a8, RDI=0x000000000000006e
R8 =0x00007ffb0afdc046, R9 =0x0000dec351dcf480, R10=0x00000000044ce238, R11=0x0000000000000000
R12=0x00000000ffffff29, R13=0x0000000000000000, R14=0x00000000044ce3a0, R15=0x00000000044cf550
RIP=0x00007ffb0ac53fb8, EFLAGS=0x0000000000000206

Top of Stack: (sp=0x00000000044ce200)
0x00000000044ce200:   00000000044ce230 00000000044cf470
0x00000000044ce210:   00007ffaa91239a8 000000000000006e
0x00000000044ce220:   00000001e06d7363 0000000000000000
0x00000000044ce230:   00007ffb0ac53fb8 0000000000000004
0x00000000044ce240:   0000000019930520 00000000044ce3a0
0x00000000044ce250:   00007ffaa91239a8 00007ffaa8e70000
0x00000000044ce260:   00000000ffffff29 000000000000006e
0x00000000044ce270:   00007ffaa91239a8 00000000044ce360
0x00000000044ce280:   00000000044ce340 00007ffb0e16c65f
0x00000000044ce290:   0000000000000000 00007ffb00000000
0x00000000044ce2a0:   00007ffb00000002 00007ffb0b0b5510
0x00000000044ce2b0:   00007ffaa9150000 00007ffaa8e70000
0x00000000044ce2c0:   00006a4b3b9c4553 00007ffb0afe5f33
0x00000000044ce2d0:   00000000044cf470 00007ffb061e46e2
0x00000000044ce2e0:   00000000044ce318 00000000044ce320
0x00000000044ce2f0:   00000000044ce368 00007ffb0afdd1b9 

Instructions: (pc=0x00007ffb0ac53fb8)
0x00007ffb0ac53f98:   49 8b d1 44 0f 47 c0 44 89 44 24 38 49 c1 e0 03
0x00007ffb0ac53fa8:   e8 ba 16 07 00 48 8d 4c 24 20 ff 15 38 4b 16 00
0x00007ffb0ac53fb8:   48 8b 8c 24 c0 00 00 00 48 33 cc e8 98 e6 06 00
0x00007ffb0ac53fc8:   48 81 c4 d8 00 00 00 c3 83 64 24 38 00 eb d6 cc 


Register to memory mapping:

RAX=0x00007ffb0afefbae is an unknown value
RBX=0x00000000044cf470 is pointing into the stack for thread: 0x00000000044d5800
RCX=0x00000000044cddd0 is pointing into the stack for thread: 0x00000000044d5800
RDX=0x00000000044cddf8 is pointing into the stack for thread: 0x00000000044d5800
RSP=0x00000000044ce200 is pointing into the stack for thread: 0x00000000044d5800
RBP=0x00000000044ce340 is pointing into the stack for thread: 0x00000000044d5800
RSI=0x00007ffaa91239a8 is an unknown value
RDI=0x000000000000006e is an unknown value
R8 =0x00007ffb0afdc046 is an unknown value
R9 =0x0000dec351dcf480 is an unknown value
R10=0x00000000044ce238 is pointing into the stack for thread: 0x00000000044d5800
R11=0x0000000000000000 is an unknown value
R12=0x00000000ffffff29 is an unknown value
R13=0x0000000000000000 is an unknown value
R14=0x00000000044ce3a0 is pointing into the stack for thread: 0x00000000044d5800
R15=0x00000000044cf550 is pointing into the stack for thread: 0x00000000044d5800


Stack: [0x00000000043d0000,0x00000000044d0000],  sp=0x00000000044ce200,  free space=1016k
Native frames: (J=compiled Java code, j=interpreted, Vv=VM code, C=native code)
C  [KERNELBASE.dll+0x13fb8]
C  [VCRUNTIME140.dll+0x46e2]
C  [opencv_core340.dll+0x1b862e]
C  [opencv_core340.dll+0x1b877a]
C  [opencv_imgproc340.dll+0x51629]
C  [jniopencv_imgproc.dll+0xa995d]
C  0x00000000045e7f74

Java frames: (J=compiled Java code, j=interpreted, Vv=VM code)
j  org.bytedeco.javacpp.opencv_imgproc.cvCvtColor(Lorg/bytedeco/javacpp/helper/opencv_core$CvArr;Lorg/bytedeco/javacpp/helper/opencv_core$CvArr;I)V+0
j  com.mycompany.mendixifylastassignment.RecognizeFaceOpenCV.findFace(Lorg/bytedeco/javacpp/opencv_core$IplImage;)V+40
j  com.mycompany.mendixifylastassignment.RecognizeFaceOpenCV.main([Ljava/lang/String;)V+14
v  ~StubRoutines::call_stub

---------------  P R O C E S S  ---------------

Java Threads: ( => current thread )
  0x000000002271e000 JavaThread "JavaCPP Deallocator" daemon [_thread_blocked, id=12364, stack(0x00000000238f0000,0x00000000239f0000)]
  0x00000000201bd800 JavaThread "Service Thread" daemon [_thread_blocked, id=5684, stack(0x0000000021ea0000,0x0000000021fa0000)]
  0x0000000020176000 JavaThread "C1 CompilerThread2" daemon [_thread_blocked, id=16188, stack(0x00000000219a0000,0x0000000021aa0000)]
  0x0000000020168800 JavaThread "C2 CompilerThread1" daemon [_thread_blocked, id=11656, stack(0x00000000218a0000,0x00000000219a0000)]
  0x0000000020166000 JavaThread "C2 CompilerThread0" daemon [_thread_blocked, id=12260, stack(0x00000000217a0000,0x00000000218a0000)]
  0x0000000020162800 JavaThread "Attach Listener" daemon [_thread_blocked, id=10516, stack(0x00000000216a0000,0x00000000217a0000)]
  0x0000000020161000 JavaThread "Signal Dispatcher" daemon [_thread_blocked, id=16032, stack(0x00000000215a0000,0x00000000216a0000)]
  0x0000000020150000 JavaThread "Finalizer" daemon [_thread_blocked, id=13960, stack(0x00000000213b0000,0x00000000214b0000)]
  0x00000000045c6000 JavaThread "Reference Handler" daemon [_thread_blocked, id=16344, stack(0x00000000212b0000,0x00000000213b0000)]
=>0x00000000044d5800 JavaThread "main" [_thread_in_native, id=5704, stack(0x00000000043d0000,0x00000000044d0000)]

Other Threads:
  0x0000000020127000 VMThread [stack: 0x00000000211b0000,0x00000000212b0000] [id=4420]
  0x0000000021ae8800 WatcherThread [stack: 0x0000000021fa0000,0x00000000220a0000] [id=19192]

VM state:not at safepoint (normal execution)

VM Mutex/Monitor currently owned by a thread: None

Heap:
 PSYoungGen      total 95744K, used 36106K [0x0000000755f80000, 0x000000075ca00000, 0x00000007c0000000)
  eden space 82432K, 40% used [0x0000000755f80000,0x000000075802f1e0,0x000000075b000000)
  from space 13312K, 19% used [0x000000075b000000,0x000000075b293920,0x000000075bd00000)
  to   space 13312K, 0% used [0x000000075bd00000,0x000000075bd00000,0x000000075ca00000)
 ParOldGen       total 218624K, used 8K [0x0000000681e00000, 0x000000068f380000, 0x0000000755f80000)
  object space 218624K, 0% used [0x0000000681e00000,0x0000000681e02000,0x000000068f380000)
 Metaspace       used 6989K, capacity 7238K, committed 7424K, reserved 1056768K
  class space    used 717K, capacity 753K, committed 768K, reserved 1048576K

Card table byte_map: [0x0000000013990000,0x0000000014390000] byte_map_base: 0x0000000010581000

Marking Bits: (ParMarkBitMap*) 0x000000006079b6d0
 Begin Bits: [0x0000000014e40000, 0x0000000019dc8000)
 End Bits:   [0x0000000019dc8000, 0x000000001ed50000)

Polling page: 0x0000000002680000

CodeCache: size=245760Kb used=3473Kb max_used=3482Kb free=242286Kb
 bounds [0x00000000045d0000, 0x0000000004940000, 0x00000000135d0000]
 total_blobs=1107 nmethods=700 adapters=320
 compilation: enabled

Compilation events (10 events):
Event: 1.847 Thread 0x0000000020176000  696       3       sun.nio.fs.WindowsPath::compareTo (118 bytes)
Event: 1.848 Thread 0x0000000020176000 nmethod 696 0x00000000049350d0 code [0x0000000004935320, 0x0000000004936208]
Event: 1.848 Thread 0x0000000020176000  697       3       java.util.ArrayList$SubList::checkForComodification (23 bytes)
Event: 1.848 Thread 0x0000000020176000 nmethod 697 0x0000000004932690 code [0x0000000004932800, 0x0000000004932a28]
Event: 1.877 Thread 0x0000000020168800  698       4       java.lang.String::equalsIgnoreCase (48 bytes)
Event: 1.882 Thread 0x0000000020168800 nmethod 698 0x00000000049388d0 code [0x0000000004938a40, 0x0000000004939078]
Event: 1.888 Thread 0x0000000020166000  699       4       java.lang.CharacterDataLatin1::getType (11 bytes)
Event: 1.888 Thread 0x0000000020166000 nmethod 699 0x0000000004933890 code [0x00000000049339c0, 0x0000000004933a58]
Event: 1.913 Thread 0x0000000020176000  700       3       sun.util.calendar.ZoneInfo::getTransitionIndex (156 bytes)
Event: 1.913 Thread 0x0000000020176000 nmethod 700 0x00000000049346d0 code [0x0000000004934860, 0x0000000004934d30]

GC Heap History (2 events):
Event: 1.563 GC heap before
{Heap before GC invocations=1 (full 0):
 PSYoungGen      total 95744K, used 82432K [0x0000000755f80000, 0x000000075ca00000, 0x00000007c0000000)
  eden space 82432K, 100% used [0x0000000755f80000,0x000000075b000000,0x000000075b000000)
  from space 13312K, 0% used [0x000000075bd00000,0x000000075bd00000,0x000000075ca00000)
  to   space 13312K, 0% used [0x000000075b000000,0x000000075b000000,0x000000075bd00000)
 ParOldGen       total 218624K, used 0K [0x0000000681e00000, 0x000000068f380000, 0x0000000755f80000)
  object space 218624K, 0% used [0x0000000681e00000,0x0000000681e00000,0x000000068f380000)
 Metaspace       used 6940K, capacity 7206K, committed 7424K, reserved 1056768K
  class space    used 712K, capacity 721K, committed 768K, reserved 1048576K
Event: 1.566 GC heap after
Heap after GC invocations=1 (full 0):
 PSYoungGen      total 95744K, used 2638K [0x0000000755f80000, 0x000000075ca00000, 0x00000007c0000000)
  eden space 82432K, 0% used [0x0000000755f80000,0x0000000755f80000,0x000000075b000000)
  from space 13312K, 19% used [0x000000075b000000,0x000000075b293920,0x000000075bd00000)
  to   space 13312K, 0% used [0x000000075bd00000,0x000000075bd00000,0x000000075ca00000)
 ParOldGen       total 218624K, used 8K [0x0000000681e00000, 0x000000068f380000, 0x0000000755f80000)
  object space 218624K, 0% used [0x0000000681e00000,0x0000000681e02000,0x000000068f380000)
 Metaspace       used 6940K, capacity 7206K, committed 7424K, reserved 1056768K
  class space    used 712K, capacity 721K, committed 768K, reserved 1048576K
}

Deoptimization events (0 events):
No events

Internal exceptions (10 events):
Event: 0.341 Thread 0x00000000044d5800 Exception <a 'java/security/PrivilegedActionException'> (0x00000007565d4bb8) thrown at [C:\re\workspace\8-2-build-windows-amd64-cygwin\jdk8u121\8372\hotspot\src\share\vm\prims\jvm.cpp, line 1390]
Event: 0.341 Thread 0x00000000044d5800 Exception <a 'java/security/PrivilegedActionException'> (0x00000007565d4dc8) thrown at [C:\re\workspace\8-2-build-windows-amd64-cygwin\jdk8u121\8372\hotspot\src\share\vm\prims\jvm.cpp, line 1390]
Event: 0.341 Thread 0x00000000044d5800 Exception <a 'java/security/PrivilegedActionException'> (0x00000007565d6308) thrown at [C:\re\workspace\8-2-build-windows-amd64-cygwin\jdk8u121\8372\hotspot\src\share\vm\prims\jvm.cpp, line 1390]
Event: 0.341 Thread 0x00000000044d5800 Exception <a 'java/security/PrivilegedActionException'> (0x00000007565d6518) thrown at [C:\re\workspace\8-2-build-windows-amd64-cygwin\jdk8u121\8372\hotspot\src\share\vm\prims\jvm.cpp, line 1390]
Event: 0.341 Thread 0x00000000044d5800 Exception <a 'java/security/PrivilegedActionException'> (0x00000007565d7a58) thrown at [C:\re\workspace\8-2-build-windows-amd64-cygwin\jdk8u121\8372\hotspot\src\share\vm\prims\jvm.cpp, line 1390]
Event: 0.342 Thread 0x00000000044d5800 Exception <a 'java/security/PrivilegedActionException'> (0x00000007565d7c68) thrown at [C:\re\workspace\8-2-build-windows-amd64-cygwin\jdk8u121\8372\hotspot\src\share\vm\prims\jvm.cpp, line 1390]
Event: 0.342 Thread 0x00000000044d5800 Exception <a 'java/security/PrivilegedActionException'> (0x00000007565d9170) thrown at [C:\re\workspace\8-2-build-windows-amd64-cygwin\jdk8u121\8372\hotspot\src\share\vm\prims\jvm.cpp, line 1390]
Event: 0.342 Thread 0x00000000044d5800 Exception <a 'java/security/PrivilegedActionException'> (0x00000007565d9380) thrown at [C:\re\workspace\8-2-build-windows-amd64-cygwin\jdk8u121\8372\hotspot\src\share\vm\prims\jvm.cpp, line 1390]
Event: 0.342 Thread 0x00000000044d5800 Exception <a 'java/security/PrivilegedActionException'> (0x00000007565da8f8) thrown at [C:\re\workspace\8-2-build-windows-amd64-cygwin\jdk8u121\8372\hotspot\src\share\vm\prims\jvm.cpp, line 1390]
Event: 0.342 Thread 0x00000000044d5800 Exception <a 'java/security/PrivilegedActionException'> (0x00000007565dab08) thrown at [C:\re\workspace\8-2-build-windows-amd64-cygwin\jdk8u121\8372\hotspot\src\share\vm\prims\jvm.cpp, line 1390]

Events (10 events):
Event: 1.590 loading class org/bytedeco/javacpp/opencv_objdetect$BaseCascadeClassifier$MaskGenerator
Event: 1.590 loading class org/bytedeco/javacpp/opencv_objdetect$BaseCascadeClassifier$MaskGenerator done
Event: 1.590 loading class org/bytedeco/javacpp/opencv_objdetect$CvHaarStageClassifier
Event: 1.590 loading class org/bytedeco/javacpp/opencv_objdetect$CvHaarStageClassifier done
Event: 1.591 loading class org/bytedeco/javacpp/opencv_objdetect$CvHidHaarClassifierCascade
Event: 1.591 loading class org/bytedeco/javacpp/opencv_objdetect$CvHidHaarClassifierCascade done
Event: 1.591 loading class org/bytedeco/javacpp/opencv_objdetect$CvHaarClassifier
Event: 1.591 loading class org/bytedeco/javacpp/opencv_objdetect$CvHaarClassifier done
Event: 1.591 loading class org/bytedeco/javacpp/opencv_objdetect$CvHaarFeature
Event: 1.591 loading class org/bytedeco/javacpp/opencv_objdetect$CvHaarFeature done


Dynamic libraries:
0x00007ff641db0000 - 0x00007ff641de7000 	C:\Program Files\Java\jdk1.8.0_121\bin\java.exe
0x00007ffb0e0f0000 - 0x00007ffb0e2d0000 	C:\WINDOWS\SYSTEM32\ntdll.dll
0x00007ffb0bc60000 - 0x00007ffb0bd0e000 	C:\WINDOWS\System32\KERNEL32.DLL
0x00007ffb0ac40000 - 0x00007ffb0aea6000 	C:\WINDOWS\System32\KERNELBASE.dll
0x00007ffb0c560000 - 0x00007ffb0c601000 	C:\WINDOWS\System32\ADVAPI32.dll
0x00007ffb0c8e0000 - 0x00007ffb0c97d000 	C:\WINDOWS\System32\msvcrt.dll
0x00007ffb0c680000 - 0x00007ffb0c6db000 	C:\WINDOWS\System32\sechost.dll
0x00007ffb0c440000 - 0x00007ffb0c55f000 	C:\WINDOWS\System32\RPCRT4.dll
0x00007ffb0bd10000 - 0x00007ffb0be9f000 	C:\WINDOWS\System32\USER32.dll
0x00007ffb0af00000 - 0x00007ffb0af20000 	C:\WINDOWS\System32\win32u.dll
0x00007ffb0b7a0000 - 0x00007ffb0b7c8000 	C:\WINDOWS\System32\GDI32.dll
0x00007ffb0b250000 - 0x00007ffb0b3e3000 	C:\WINDOWS\System32\gdi32full.dll
0x00007ffb0b0d0000 - 0x00007ffb0b16b000 	C:\WINDOWS\System32\msvcp_win.dll
0x00007ffb0afd0000 - 0x00007ffb0b0c6000 	C:\WINDOWS\System32\ucrtbase.dll
0x00007ffafca50000 - 0x00007ffafccb9000 	C:\WINDOWS\WinSxS\amd64_microsoft.windows.common-controls_6595b64144ccf1df_6.0.16299.192_none_15c8cdae9364c23b\COMCTL32.dll
0x00007ffb0bfc0000 - 0x00007ffb0c2c8000 	C:\WINDOWS\System32\combase.dll
0x00007ffb0b1d0000 - 0x00007ffb0b242000 	C:\WINDOWS\System32\bcryptPrimitives.dll
0x00007ffb0b7d0000 - 0x00007ffb0b7fd000 	C:\WINDOWS\System32\IMM32.DLL
0x0000000060f40000 - 0x0000000061012000 	C:\Program Files\Java\jdk1.8.0_121\jre\bin\msvcr100.dll
0x000000005ff80000 - 0x000000006081b000 	C:\Program Files\Java\jdk1.8.0_121\jre\bin\server\jvm.dll
0x00007ffb0bc50000 - 0x00007ffb0bc58000 	C:\WINDOWS\System32\PSAPI.DLL
0x00007ffafccf0000 - 0x00007ffafccf9000 	C:\WINDOWS\SYSTEM32\WSOCK32.dll
0x00007ffb0c610000 - 0x00007ffb0c67c000 	C:\WINDOWS\System32\WS2_32.dll
0x00007ffb026b0000 - 0x00007ffb026d3000 	C:\WINDOWS\SYSTEM32\WINMM.dll
0x00007ffb01b60000 - 0x00007ffb01b8a000 	C:\WINDOWS\SYSTEM32\WINMMBASE.dll
0x00007ffb02890000 - 0x00007ffb0289a000 	C:\WINDOWS\SYSTEM32\VERSION.dll
0x00007ffb0aeb0000 - 0x00007ffb0aefa000 	C:\WINDOWS\System32\cfgmgr32.dll
0x0000000060ef0000 - 0x0000000060eff000 	C:\Program Files\Java\jdk1.8.0_121\jre\bin\verify.dll
0x0000000060ec0000 - 0x0000000060ee9000 	C:\Program Files\Java\jdk1.8.0_121\jre\bin\java.dll
0x0000000060ea0000 - 0x0000000060eb6000 	C:\Program Files\Java\jdk1.8.0_121\jre\bin\zip.dll
0x00007ffb0cba0000 - 0x00007ffb0dfd6000 	C:\WINDOWS\System32\SHELL32.dll
0x00007ffb0dff0000 - 0x00007ffb0e096000 	C:\WINDOWS\System32\shcore.dll
0x00007ffb0a4f0000 - 0x00007ffb0ac37000 	C:\WINDOWS\System32\windows.storage.dll
0x00007ffb0c880000 - 0x00007ffb0c8d1000 	C:\WINDOWS\System32\shlwapi.dll
0x00007ffb0a4b0000 - 0x00007ffb0a4c1000 	C:\WINDOWS\System32\kernel.appcore.dll
0x00007ffb0a440000 - 0x00007ffb0a48c000 	C:\WINDOWS\System32\powrprof.dll
0x00007ffb0a490000 - 0x00007ffb0a4ab000 	C:\WINDOWS\System32\profapi.dll
0x00007ffad7300000 - 0x00007ffad7351000 	C:\Users\mfi\.javacpp\cache\opencv-3.4.0-1.4-windows-x86_64.jar\org\bytedeco\javacpp\windows-x86_64\concrt140.dll
0x00007ffad97b0000 - 0x00007ffad985a000 	C:\WINDOWS\SYSTEM32\MSVCP140.dll
0x00007ffb061e0000 - 0x00007ffb061f6000 	C:\WINDOWS\SYSTEM32\VCRUNTIME140.dll
0x00007ffad7260000 - 0x00007ffad72fd000 	C:\Users\mfi\.javacpp\cache\opencv-3.4.0-1.4-windows-x86_64.jar\org\bytedeco\javacpp\windows-x86_64\msvcp140.dll
0x00007ffaf0860000 - 0x00007ffaf0877000 	C:\Users\mfi\.javacpp\cache\opencv-3.4.0-1.4-windows-x86_64.jar\org\bytedeco\javacpp\windows-x86_64\vcruntime140.dll
0x0000000004360000 - 0x0000000004363000 	C:\Users\mfi\.javacpp\cache\opencv-3.4.0-1.4-windows-x86_64.jar\org\bytedeco\javacpp\windows-x86_64\api-ms-win-crt-locale-l1-1-0.dll
0x0000000004370000 - 0x0000000004374000 	C:\Users\mfi\.javacpp\cache\opencv-3.4.0-1.4-windows-x86_64.jar\org\bytedeco\javacpp\windows-x86_64\api-ms-win-crt-string-l1-1-0.dll
0x0000000004380000 - 0x0000000004384000 	C:\Users\mfi\.javacpp\cache\opencv-3.4.0-1.4-windows-x86_64.jar\org\bytedeco\javacpp\windows-x86_64\api-ms-win-crt-stdio-l1-1-0.dll
0x0000000004390000 - 0x0000000004395000 	C:\Users\mfi\.javacpp\cache\opencv-3.4.0-1.4-windows-x86_64.jar\org\bytedeco\javacpp\windows-x86_64\api-ms-win-crt-math-l1-1-0.dll
0x00000000043a0000 - 0x00000000043a3000 	C:\Users\mfi\.javacpp\cache\opencv-3.4.0-1.4-windows-x86_64.jar\org\bytedeco\javacpp\windows-x86_64\api-ms-win-crt-heap-l1-1-0.dll
0x00000000043b0000 - 0x00000000043b4000 	C:\Users\mfi\.javacpp\cache\opencv-3.4.0-1.4-windows-x86_64.jar\org\bytedeco\javacpp\windows-x86_64\api-ms-win-crt-runtime-l1-1-0.dll
0x0000000023870000 - 0x0000000023874000 	C:\Users\mfi\.javacpp\cache\opencv-3.4.0-1.4-windows-x86_64.jar\org\bytedeco\javacpp\windows-x86_64\api-ms-win-crt-convert-l1-1-0.dll
0x0000000023880000 - 0x0000000023883000 	C:\Users\mfi\.javacpp\cache\opencv-3.4.0-1.4-windows-x86_64.jar\org\bytedeco\javacpp\windows-x86_64\api-ms-win-crt-environment-l1-1-0.dll
0x0000000023890000 - 0x0000000023893000 	C:\Users\mfi\.javacpp\cache\opencv-3.4.0-1.4-windows-x86_64.jar\org\bytedeco\javacpp\windows-x86_64\api-ms-win-crt-time-l1-1-0.dll
0x00000000238a0000 - 0x00000000238a3000 	C:\Users\mfi\.javacpp\cache\opencv-3.4.0-1.4-windows-x86_64.jar\org\bytedeco\javacpp\windows-x86_64\api-ms-win-crt-filesystem-l1-1-0.dll
0x00000000238b0000 - 0x00000000238b3000 	C:\Users\mfi\.javacpp\cache\opencv-3.4.0-1.4-windows-x86_64.jar\org\bytedeco\javacpp\windows-x86_64\api-ms-win-crt-utility-l1-1-0.dll
0x00000000238c0000 - 0x00000000238c5000 	C:\Users\mfi\.javacpp\cache\opencv-3.4.0-1.4-windows-x86_64.jar\org\bytedeco\javacpp\windows-x86_64\api-ms-win-crt-multibyte-l1-1-0.dll
0x00007ffaa8e70000 - 0x00007ffaa9176000 	C:\Users\mfi\.javacpp\cache\opencv-3.4.0-1.4-windows-x86_64.jar\org\bytedeco\javacpp\windows-x86_64\opencv_core340.dll
0x00007ffaa8a60000 - 0x00007ffaa8e6c000 	C:\Users\mfi\.javacpp\cache\opencv-3.4.0-1.4-windows-x86_64.jar\org\bytedeco\javacpp\windows-x86_64\opencv_imgproc340.dll
0x00007ffaa86e0000 - 0x00007ffaa8a5b000 	C:\Users\mfi\.javacpp\cache\opencv-3.4.0-1.4-windows-x86_64.jar\org\bytedeco\javacpp\windows-x86_64\jniopencv_core.dll
0x0000000060e80000 - 0x0000000060e9a000 	C:\Program Files\Java\jdk1.8.0_121\jre\bin\net.dll
0x00007ffb09cd0000 - 0x00007ffb09d36000 	C:\WINDOWS\system32\mswsock.dll
0x0000000060e60000 - 0x0000000060e71000 	C:\Program Files\Java\jdk1.8.0_121\jre\bin\nio.dll
0x00007ffad5d00000 - 0x00007ffad5e55000 	C:\Users\mfi\.javacpp\cache\opencv-3.4.0-1.4-windows-x86_64.jar\org\bytedeco\javacpp\windows-x86_64\jniopencv_imgproc.dll
0x00007ffaa8410000 - 0x00007ffaa86dc000 	C:\Users\mfi\.javacpp\cache\opencv-3.4.0-1.4-windows-x86_64.jar\org\bytedeco\javacpp\windows-x86_64\opencv_imgcodecs340.dll
0x00007ffad70a0000 - 0x00007ffad70d4000 	C:\Users\mfi\.javacpp\cache\opencv-3.4.0-1.4-windows-x86_64.jar\org\bytedeco\javacpp\windows-x86_64\jniopencv_imgcodecs.dll
0x00007ffad5660000 - 0x00007ffad56f3000 	C:\Users\mfi\.javacpp\cache\opencv-3.4.0-1.4-windows-x86_64.jar\org\bytedeco\javacpp\windows-x86_64\opencv_objdetect340.dll
0x00007ffad55e0000 - 0x00007ffad5659000 	C:\Users\mfi\.javacpp\cache\opencv-3.4.0-1.4-windows-x86_64.jar\org\bytedeco\javacpp\windows-x86_64\jniopencv_objdetect.dll
0x00007ffb01b90000 - 0x00007ffb01d58000 	C:\WINDOWS\SYSTEM32\dbghelp.dll

VM Arguments:
java_command: com.mycompany.mendixifylastassignment.RecognizeFaceOpenCV
java_class_path (initial): C:\Users\mfi\Documents\Udacity-AI\Semester2\MendixifyLastAssignment\target\classes;C:\Users\mfi\.m2\repository\org\bytedeco\javacv-platform\1.4\javacv-platform-1.4.jar;C:\Users\mfi\.m2\repository\org\bytedeco\javacv\1.4\javacv-1.4.jar;C:\Users\mfi\.m2\repository\org\bytedeco\javacpp\1.4\javacpp-1.4.jar;C:\Users\mfi\.m2\repository\org\bytedeco\javacpp-presets\opencv\3.4.0-1.4\opencv-3.4.0-1.4.jar;C:\Users\mfi\.m2\repository\org\bytedeco\javacpp-presets\ffmpeg\3.4.1-1.4\ffmpeg-3.4.1-1.4.jar;C:\Users\mfi\.m2\repository\org\bytedeco\javacpp-presets\flycapture\2.11.3.121-1.4\flycapture-2.11.3.121-1.4.jar;C:\Users\mfi\.m2\repository\org\bytedeco\javacpp-presets\libdc1394\2.2.5-1.4\libdc1394-2.2.5-1.4.jar;C:\Users\mfi\.m2\repository\org\bytedeco\javacpp-presets\libfreenect\0.5.3-1.4\libfreenect-0.5.3-1.4.jar;C:\Users\mfi\.m2\repository\org\bytedeco\javacpp-presets\libfreenect2\0.2.0-1.4\libfreenect2-0.2.0-1.4.jar;C:\Users\mfi\.m2\repository\org\bytedeco\javacpp-presets\librealsense\1.12.1-1.4\librealsense-1.12.1-1.4.jar;C:\Users\mfi\.m2\repository\org\bytedeco\javacpp-presets\videoinput\0.200-1.4\videoinput-0.200-1.4.jar;C:\Users\mfi\.m2\repository\org\bytedeco\javacpp-presets\artoolkitplus\2.3.1-1.4\artoolkitplus-2.3.1-1.4.jar;C:\Users\mfi\.m2\repository\org\bytedeco\javacpp-presets\flandmark\1.07-1.4\flandmark-1.07-1.4.jar;C:\Users\mfi\.m2\repository\org\bytedeco\javacpp-presets\opencv-platform\3.4.0-1.4\opencv-platform-3.4.0-1.4.jar;C:\Users\mfi\.m2\repository\org\bytedeco\javacpp-presets\opencv\3.4.0-1.4\opencv-3.4.0-1.4-android-arm.jar;C:\Users\mfi\.m2\repository\org\bytedeco\javacpp-presets\opencv\3.4.0-1.4\opencv-3.4.0-1.4-android-x86.jar;C:\Users\mfi\.m2\repository\org\bytedeco\javacpp-presets\opencv\3.4.0-1.4\opencv-3.4.0-1.4-linux-x86.jar;C:\Users\mfi\.m2\repository\org\bytedeco\javacpp-presets\opencv\3.4.0-1.4\opencv-3.4.0-1.4-linux-x86_64.jar;C:\Users\mfi\.m2\repository\org\bytedeco\javacpp-presets\opencv\3.4.0-1.4\opencv-3.4.0-1.4-
Launcher Type: SUN_STANDARD

Environment Variables:
JAVA_HOME=C:\Program Files\Java\jdk1.8.0_121
PATH=C:\Program Files\Docker\Docker\Resources\bin;C:\ProgramData\Oracle\Java\javapath;C:\WINDOWS\system32;C:\WINDOWS;C:\WINDOWS\System32\Wbem;C:\WINDOWS\System32\WindowsPowerShell\v1.0\;C:\Program Files (x86)\PuTTY\;C:\cygwin64\bin;C:\Program Files\OpenVPN\bin;C:\Program Files\nodejs\;C:\Program Files\TortoiseSVN\bin;C:\Users\mfi\Downloads\apache-maven-3.3.9-bin\apache-maven-3.3.9\bin;C:\Program Files\Java\jdk1.8.0_121\bin;C:\Program Files\Git\cmd;C:\HashiCorp\Vagrant\bin;C:\Program Files\dotnet\;C:\Users\mfi\AppData\Local\Microsoft\WindowsApps;C:\Users\mfi\AppData\Local\atom\bin;C:\Users\mfi\AppData\Roaming\npm;C:\Program Files\Java\jdk1.8.0_121\bin;C:\Users\mfi\AppData\Local\Programs\Fiddler;C:\bin;C:\Users\mfi\Documents\Kubernetes;C:\Program Files\Microsoft VS Code\bin;C:\Users\mfi\AppData\Local\Microsoft\WindowsApps;
USERNAME=mfi
OS=Windows_NT
PROCESSOR_IDENTIFIER=Intel64 Family 6 Model 61 Stepping 4, GenuineIntel



---------------  S Y S T E M  ---------------

OS: Windows 10.0 , 64 bit Build 16299 (10.0.16299.15)

CPU:total 4 (2 cores per cpu, 2 threads per core) family 6 model 61 stepping 4, cmov, cx8, fxsr, mmx, sse, sse2, sse3, ssse3, sse4.1, sse4.2, popcnt, avx, avx2, aes, clmul, erms, rtm, 3dnowpref, lzcnt, ht, tsc, tscinvbit, bmi1, bmi2, adx

Memory: 4k page, physical 20847664k(10469268k free), swap 23993392k(11713060k free)

vm_info: Java HotSpot(TM) 64-Bit Server VM (25.121-b13) for windows-amd64 JRE (1.8.0_121-b13), built on Dec 12 2016 18:21:36 by "java_re" with MS VC++ 10.0 (VS2010)

time: Fri Feb 16 12:44:15 2018
elapsed time: 1 seconds (0d 0h 0m 1s)

